#
# There is insufficient memory for the Java Runtime Environment to continue.
# Native memory allocation (malloc) failed to allocate 32744 bytes for Chunk::new
# Possible reasons:
#   The system is out of physical RAM or swap space
#   The process is running with CompressedOops enabled, and the Java Heap may be blocking the growth of the native heap
# Possible solutions:
#   Reduce memory load on the system
#   Increase physical memory or swap space
#   Check if swap backing store is full
#   Decrease Java heap size (-Xmx/-Xms)
#   Decrease number of Java threads
#   Decrease Java thread stack sizes (-Xss)
#   Set larger code cache with -XX:ReservedCodeCacheSize=
#   JVM is running with Unscaled Compressed Oops mode in which the Java heap is
#     placed in the first 4GB address space. The Java Heap base address is the
#     maximum limit for the native heap growth. Please use -XX:HeapBaseMinAddress
#     to set the Java Heap base and to place the Java Heap above 4GB virtual address.
# This output file may be truncated or incomplete.
#
#  Out of Memory Error (arena.cpp:168), pid=9892, tid=5288
#
# JRE version: Java(TM) SE Runtime Environment (21.0.5+9) (build 21.0.5+9-LTS-239)
# Java VM: Java HotSpot(TM) 64-Bit Server VM (21.0.5+9-LTS-239, mixed mode, sharing, tiered, compressed oops, compressed class ptrs, g1 gc, windows-amd64)
# No core dump will be written. Minidumps are not enabled by default on client versions of Windows
#

---------------  S U M M A R Y ------------

Command Line: -javaagent:C:\Program Files\JetBrains\IntelliJ IDEA Community Edition 2024.3.3\lib\idea_rt.jar=61294:C:\Program Files\JetBrains\IntelliJ IDEA Community Edition 2024.3.3\bin -Dfile.encoding=UTF-8 -Dsun.stdout.encoding=UTF-8 -Dsun.stderr.encoding=UTF-8 com.i_care.Profile_Service.ProfileServiceApplication

Host: AMD Ryzen 5 5600H with Radeon Graphics         , 12 cores, 7G,  Windows 11 , 64 bit Build 26100 (10.0.26100.7019)
Time: Sat Dec  6 14:27:28 2025 India Standard Time elapsed time: 12582.399569 seconds (0d 3h 29m 42s)

---------------  T H R E A D  ---------------

Current thread (0x00000238ffe2d520):  JavaThread "C2 CompilerThread0" daemon [_thread_in_native, id=5288, stack(0x000000cbf8700000,0x000000cbf8800000) (1024K)]


Current CompileTask:
C2:12582399 8558       4       jdk.internal.loader.URLClassPath::getResource (74 bytes)

Stack: [0x000000cbf8700000,0x000000cbf8800000]
Native frames: (J=compiled Java code, j=interpreted, Vv=VM code, C=native code)
V  [jvm.dll+0x6ca289]
V  [jvm.dll+0x854a51]
V  [jvm.dll+0x856f7e]
V  [jvm.dll+0x857653]
V  [jvm.dll+0x27dd26]
V  [jvm.dll+0xc4c2d]
V  [jvm.dll+0xc5163]
V  [jvm.dll+0x39384a]
V  [jvm.dll+0x39479d]
V  [jvm.dll+0x39c4b1]
V  [jvm.dll+0x1ca83d]
V  [jvm.dll+0x2efedf]
V  [jvm.dll+0x6e44c8]
V  [jvm.dll+0x6dc6f5]
V  [jvm.dll+0x6dbbbe]
V  [jvm.dll+0x6d9ddc]
V  [jvm.dll+0x1c9dcc]
V  [jvm.dll+0x1ca94c]
V  [jvm.dll+0x2efedf]
V  [jvm.dll+0x6e44c8]
V  [jvm.dll+0x6dc6f5]
V  [jvm.dll+0x6dbbbe]
V  [jvm.dll+0x6d9ddc]
V  [jvm.dll+0x1c9dcc]
V  [jvm.dll+0x1ca94c]
V  [jvm.dll+0x2efedf]
V  [jvm.dll+0x6e44c8]
V  [jvm.dll+0x6dc6f5]
V  [jvm.dll+0x6dbbbe]
V  [jvm.dll+0x6d9ddc]
V  [jvm.dll+0x1c9dcc]
V  [jvm.dll+0x245a5e]
V  [jvm.dll+0x1c6d0e]
V  [jvm.dll+0x2554d9]
V  [jvm.dll+0x253a6a]
V  [jvm.dll+0x3ee136]
V  [jvm.dll+0x7fee9b]
V  [jvm.dll+0x6c896d]
C  [ucrtbase.dll+0x37b0]
C  [KERNEL32.DLL+0x2e8d7]
C  [ntdll.dll+0x8c53c]


---------------  P R O C E S S  ---------------

Threads class SMR info:
_java_thread_list=0x0000023899755940, length=32, elements={
0x00000238ffe126f0, 0x00000238ffe15cc0, 0x00000238ffe17740, 0x00000238ffe18750,
0x00000238ffe23d30, 0x00000238ffe27830, 0x00000238ffe2d520, 0x00000238ffe31b20,
0x00000238995da630, 0x00000238df2c2270, 0x00000238df2c28d0, 0x00000238e1c321a0,
0x00000238e2748320, 0x00000238e2c655c0, 0x00000238e2c634f0, 0x00000238e2c64210,
0x00000238e2c65c50, 0x00000238e31062c0, 0x00000238e3103b60, 0x00000238e3102e40,
0x00000238e3104880, 0x00000238e3106950, 0x00000238e31055a0, 0x00000238e31034d0,
0x00000238e3107670, 0x00000238e3108390, 0x00000238e3106fe0, 0x00000238e31090b0,
0x00000238e3107d00, 0x00000238e3105c30, 0x00000238ffe321f0, 0x00000238ffe2f240
}

Java Threads: ( => current thread )
  0x00000238ffe126f0 JavaThread "Reference Handler"          daemon [_thread_blocked, id=13656, stack(0x000000cbf8100000,0x000000cbf8200000) (1024K)]
  0x00000238ffe15cc0 JavaThread "Finalizer"                  daemon [_thread_blocked, id=15356, stack(0x000000cbf8200000,0x000000cbf8300000) (1024K)]
  0x00000238ffe17740 JavaThread "Signal Dispatcher"          daemon [_thread_blocked, id=20436, stack(0x000000cbf8300000,0x000000cbf8400000) (1024K)]
  0x00000238ffe18750 JavaThread "Attach Listener"            daemon [_thread_blocked, id=12512, stack(0x000000cbf8400000,0x000000cbf8500000) (1024K)]
  0x00000238ffe23d30 JavaThread "Service Thread"             daemon [_thread_blocked, id=23576, stack(0x000000cbf8500000,0x000000cbf8600000) (1024K)]
  0x00000238ffe27830 JavaThread "Monitor Deflation Thread"   daemon [_thread_blocked, id=25220, stack(0x000000cbf8600000,0x000000cbf8700000) (1024K)]
=>0x00000238ffe2d520 JavaThread "C2 CompilerThread0"         daemon [_thread_in_native, id=5288, stack(0x000000cbf8700000,0x000000cbf8800000) (1024K)]
  0x00000238ffe31b20 JavaThread "C1 CompilerThread0"         daemon [_thread_in_native, id=21400, stack(0x000000cbf8800000,0x000000cbf8900000) (1024K)]
  0x00000238995da630 JavaThread "Common-Cleaner"             daemon [_thread_blocked, id=18460, stack(0x000000cbf8900000,0x000000cbf8a00000) (1024K)]
  0x00000238df2c2270 JavaThread "Monitor Ctrl-Break"         daemon [_thread_in_native, id=22440, stack(0x000000cbf8b00000,0x000000cbf8c00000) (1024K)]
  0x00000238df2c28d0 JavaThread "Notification Thread"        daemon [_thread_blocked, id=1696, stack(0x000000cbf8c00000,0x000000cbf8d00000) (1024K)]
  0x00000238e1c321a0 JavaThread "Catalina-utility-1"                [_thread_blocked, id=2828, stack(0x000000cbf9500000,0x000000cbf9600000) (1024K)]
  0x00000238e2748320 JavaThread "Catalina-utility-2"                [_thread_blocked, id=3824, stack(0x000000cbf9900000,0x000000cbf9a00000) (1024K)]
  0x00000238e2c655c0 JavaThread "container-0"                       [_thread_blocked, id=17112, stack(0x000000cbf9c00000,0x000000cbf9d00000) (1024K)]
  0x00000238e2c634f0 JavaThread "mysql-cj-abandoned-connection-cleanup" daemon [_thread_blocked, id=25172, stack(0x000000cbf9d00000,0x000000cbf9e00000) (1024K)]
  0x00000238e2c64210 JavaThread "HikariPool-1:housekeeper"   daemon [_thread_blocked, id=13488, stack(0x000000cbf9f00000,0x000000cbfa000000) (1024K)]
  0x00000238e2c65c50 JavaThread "File Watcher"               daemon [_thread_in_vm, id=26348, stack(0x000000cbfa000000,0x000000cbfa100000) (1024K)]
  0x00000238e31062c0 JavaThread "http-nio-8082-exec-1"       daemon [_thread_blocked, id=26536, stack(0x000000cbfa300000,0x000000cbfa400000) (1024K)]
  0x00000238e3103b60 JavaThread "http-nio-8082-exec-2"       daemon [_thread_blocked, id=26540, stack(0x000000cbfa400000,0x000000cbfa500000) (1024K)]
  0x00000238e3102e40 JavaThread "http-nio-8082-exec-3"       daemon [_thread_blocked, id=26544, stack(0x000000cbfa500000,0x000000cbfa600000) (1024K)]
  0x00000238e3104880 JavaThread "http-nio-8082-exec-4"       daemon [_thread_blocked, id=26548, stack(0x000000cbfa600000,0x000000cbfa700000) (1024K)]
  0x00000238e3106950 JavaThread "http-nio-8082-exec-5"       daemon [_thread_blocked, id=26552, stack(0x000000cbfa700000,0x000000cbfa800000) (1024K)]
  0x00000238e31055a0 JavaThread "http-nio-8082-exec-6"       daemon [_thread_blocked, id=26556, stack(0x000000cbfa800000,0x000000cbfa900000) (1024K)]
  0x00000238e31034d0 JavaThread "http-nio-8082-exec-7"       daemon [_thread_blocked, id=26560, stack(0x000000cbfa900000,0x000000cbfaa00000) (1024K)]
  0x00000238e3107670 JavaThread "http-nio-8082-exec-8"       daemon [_thread_blocked, id=26564, stack(0x000000cbfaa00000,0x000000cbfab00000) (1024K)]
  0x00000238e3108390 JavaThread "http-nio-8082-exec-9"       daemon [_thread_blocked, id=26568, stack(0x000000cbfab00000,0x000000cbfac00000) (1024K)]
  0x00000238e3106fe0 JavaThread "http-nio-8082-exec-10"      daemon [_thread_blocked, id=26572, stack(0x000000cbfac00000,0x000000cbfad00000) (1024K)]
  0x00000238e31090b0 JavaThread "http-nio-8082-Poller"       daemon [_thread_in_native, id=26576, stack(0x000000cbfad00000,0x000000cbfae00000) (1024K)]
  0x00000238e3107d00 JavaThread "http-nio-8082-Acceptor"     daemon [_thread_in_native, id=26580, stack(0x000000cbfae00000,0x000000cbfaf00000) (1024K)]
  0x00000238e3105c30 JavaThread "DestroyJavaVM"                     [_thread_blocked, id=18916, stack(0x000000cbf7900000,0x000000cbf7a00000) (1024K)]
  0x00000238ffe321f0 JavaThread "C2 CompilerThread1"         daemon [_thread_in_native, id=13300, stack(0x000000cbf7600000,0x000000cbf7700000) (1024K)]
  0x00000238ffe2f240 JavaThread "C2 CompilerThread2"         daemon [_thread_in_native, id=25460, stack(0x000000cbf7700000,0x000000cbf7800000) (1024K)]
Total: 32

Other Threads:
  0x00000238ffdf9b50 VMThread "VM Thread"                           [id=22588, stack(0x000000cbf8000000,0x000000cbf8100000) (1024K)]
  0x00000238ffde5ab0 WatcherThread "VM Periodic Task Thread"        [id=20660, stack(0x000000cbf7f00000,0x000000cbf8000000) (1024K)]
  0x00000238fc70d9b0 WorkerThread "GC Thread#0"                     [id=14080, stack(0x000000cbf7a00000,0x000000cbf7b00000) (1024K)]
  0x00000238df5385b0 WorkerThread "GC Thread#1"                     [id=24900, stack(0x000000cbf8d00000,0x000000cbf8e00000) (1024K)]
  0x00000238df88b640 WorkerThread "GC Thread#2"                     [id=12048, stack(0x000000cbf8e00000,0x000000cbf8f00000) (1024K)]
  0x00000238dfa69c10 WorkerThread "GC Thread#3"                     [id=11272, stack(0x000000cbf8f00000,0x000000cbf9000000) (1024K)]
  0x00000238dfa76800 WorkerThread "GC Thread#4"                     [id=22640, stack(0x000000cbf9000000,0x000000cbf9100000) (1024K)]
  0x00000238df500500 WorkerThread "GC Thread#5"                     [id=16368, stack(0x000000cbf9100000,0x000000cbf9200000) (1024K)]
  0x00000238dfa4d360 WorkerThread "GC Thread#6"                     [id=14980, stack(0x000000cbf9200000,0x000000cbf9300000) (1024K)]
  0x00000238e00ba290 WorkerThread "GC Thread#7"                     [id=19736, stack(0x000000cbf9600000,0x000000cbf9700000) (1024K)]
  0x00000238e0807c90 WorkerThread "GC Thread#8"                     [id=11212, stack(0x000000cbf9700000,0x000000cbf9800000) (1024K)]
  0x00000238e0873410 WorkerThread "GC Thread#9"                     [id=8336, stack(0x000000cbf9800000,0x000000cbf9900000) (1024K)]
  0x00000238fc71e3f0 ConcurrentGCThread "G1 Main Marker"            [id=11112, stack(0x000000cbf7b00000,0x000000cbf7c00000) (1024K)]
  0x00000238fc71fc80 WorkerThread "G1 Conc#0"                       [id=2256, stack(0x000000cbf7c00000,0x000000cbf7d00000) (1024K)]
  0x00000238e0872930 WorkerThread "G1 Conc#1"                       [id=18548, stack(0x000000cbf9a00000,0x000000cbf9b00000) (1024K)]
  0x00000238e08737b0 WorkerThread "G1 Conc#2"                       [id=24368, stack(0x000000cbf9b00000,0x000000cbf9c00000) (1024K)]
  0x00000238ffcb72a0 ConcurrentGCThread "G1 Refine#0"               [id=23712, stack(0x000000cbf7d00000,0x000000cbf7e00000) (1024K)]
  0x00000238ffcb9ad0 ConcurrentGCThread "G1 Service"                [id=11244, stack(0x000000cbf7e00000,0x000000cbf7f00000) (1024K)]
Total: 18

Threads with active compile tasks:
C2 CompilerThread0  12582472 8558       4       jdk.internal.loader.URLClassPath::getResource (74 bytes)
C1 CompilerThread0  12582472 8590       3       java.util.regex.Pattern::sequence (647 bytes)
C2 CompilerThread1  12582472 8565       4       java.util.jar.JarFile::getVersionedEntry (133 bytes)
Total: 3

VM state: not at safepoint (normal execution)

VM Mutex/Monitor currently owned by a thread:  ([mutex/lock_event])
[0x00007ff9b49daa18] MethodCompileQueue_lock - owner thread: 0x00000238ffe321f0
[0x00007ff9b49dbd98] CodeCache_lock - owner thread: 0x00000238ffe321f0
[0x00007ff9b49dbf18] Compile_lock - owner thread: 0x00000238ffe321f0

Heap address: 0x000000008a600000, size: 1882 MB, Compressed Oops mode: 32-bit

CDS archive(s) mapped at: [0x000002389a000000-0x000002389ac90000-0x000002389ac90000), size 13172736, SharedBaseAddress: 0x000002389a000000, ArchiveRelocationMode: 1.
Compressed class space mapped at: 0x000002389b000000-0x00000238db000000, reserved size: 1073741824
Narrow klass base: 0x000002389a000000, Narrow klass shift: 0, Narrow klass range: 0x100000000

GC Precious Log:
 CardTable entry size: 512
 Card Set container configuration: InlinePtr #cards 5 size 8 Array Of Cards #cards 12 size 40 Howl #buckets 4 coarsen threshold 1843 Howl Bitmap #cards 512 size 80 coarsen threshold 460 Card regions per heap region 1 cards per card region 2048
 CPUs: 12 total, 12 available
 Memory: 7521M
 Large Page Support: Disabled
 NUMA Support: Disabled
 Compressed Oops: Enabled (32-bit)
 Heap Region Size: 1M
 Heap Min Capacity: 8M
 Heap Initial Capacity: 118M
 Heap Max Capacity: 1882M
 Pre-touch: Disabled
 Parallel Workers: 10
 Concurrent Workers: 3
 Concurrent Refinement Workers: 10
 Periodic GC: Disabled

Heap:
 garbage-first heap   total 82944K, used 66412K [0x000000008a600000, 0x0000000100000000)
  region size 1024K, 30 young (30720K), 1 survivors (1024K)
 Metaspace       used 78057K, committed 79168K, reserved 1179648K
  class space    used 10261K, committed 10752K, reserved 1048576K

Heap Regions: E=young(eden), S=young(survivor), O=old, HS=humongous(starts), HC=humongous(continues), CS=collection set, F=free, TAMS=top-at-mark-start, PB=parsable bottom
|   0|0x000000008a600000, 0x000000008a700000, 0x000000008a700000|100%|HS|  |TAMS 0x000000008a600000| PB 0x000000008a600000| Complete 
|   1|0x000000008a700000, 0x000000008a800000, 0x000000008a800000|100%|HS|  |TAMS 0x000000008a700000| PB 0x000000008a700000| Complete 
|   2|0x000000008a800000, 0x000000008a900000, 0x000000008a900000|100%|HS|  |TAMS 0x000000008a800000| PB 0x000000008a800000| Complete 
|   3|0x000000008a900000, 0x000000008aa00000, 0x000000008aa00000|100%| O|  |TAMS 0x000000008a900000| PB 0x000000008a900000| Untracked 
|   4|0x000000008aa00000, 0x000000008ab00000, 0x000000008ab00000|100%| O|Cm|TAMS 0x000000008aa00000| PB 0x000000008aa00000| Complete 
|   5|0x000000008ab00000, 0x000000008ac00000, 0x000000008ac00000|100%| O|  |TAMS 0x000000008ab00000| PB 0x000000008ab00000| Untracked 
|   6|0x000000008ac00000, 0x000000008ad00000, 0x000000008ad00000|100%| O|  |TAMS 0x000000008ac00000| PB 0x000000008ac00000| Untracked 
|   7|0x000000008ad00000, 0x000000008ae00000, 0x000000008ae00000|100%| O|  |TAMS 0x000000008ad00000| PB 0x000000008ad00000| Untracked 
|   8|0x000000008ae00000, 0x000000008af00000, 0x000000008af00000|100%| O|  |TAMS 0x000000008ae00000| PB 0x000000008ae00000| Untracked 
|   9|0x000000008af00000, 0x000000008b000000, 0x000000008b000000|100%| O|  |TAMS 0x000000008af00000| PB 0x000000008af00000| Untracked 
|  10|0x000000008b000000, 0x000000008b100000, 0x000000008b100000|100%| O|  |TAMS 0x000000008b000000| PB 0x000000008b000000| Untracked 
|  11|0x000000008b100000, 0x000000008b200000, 0x000000008b200000|100%| O|  |TAMS 0x000000008b100000| PB 0x000000008b100000| Untracked 
|  12|0x000000008b200000, 0x000000008b300000, 0x000000008b300000|100%| O|  |TAMS 0x000000008b200000| PB 0x000000008b200000| Untracked 
|  13|0x000000008b300000, 0x000000008b400000, 0x000000008b400000|100%| O|  |TAMS 0x000000008b300000| PB 0x000000008b300000| Untracked 
|  14|0x000000008b400000, 0x000000008b500000, 0x000000008b500000|100%| O|  |TAMS 0x000000008b400000| PB 0x000000008b400000| Untracked 
|  15|0x000000008b500000, 0x000000008b600000, 0x000000008b600000|100%| O|  |TAMS 0x000000008b500000| PB 0x000000008b500000| Untracked 
|  16|0x000000008b600000, 0x000000008b600000, 0x000000008b700000|  0%| F|  |TAMS 0x000000008b600000| PB 0x000000008b600000| Untracked 
|  17|0x000000008b700000, 0x000000008b700000, 0x000000008b800000|  0%| F|  |TAMS 0x000000008b700000| PB 0x000000008b700000| Untracked 
|  18|0x000000008b800000, 0x000000008b900000, 0x000000008b900000|100%| O|  |TAMS 0x000000008b800000| PB 0x000000008b800000| Untracked 
|  19|0x000000008b900000, 0x000000008ba00000, 0x000000008ba00000|100%| O|  |TAMS 0x000000008b900000| PB 0x000000008b900000| Untracked 
|  20|0x000000008ba00000, 0x000000008bb00000, 0x000000008bb00000|100%| O|  |TAMS 0x000000008ba00000| PB 0x000000008ba00000| Untracked 
|  21|0x000000008bb00000, 0x000000008bc00000, 0x000000008bc00000|100%| O|Cm|TAMS 0x000000008bb00000| PB 0x000000008bb00000| Complete 
|  22|0x000000008bc00000, 0x000000008bd00000, 0x000000008bd00000|100%| O|  |TAMS 0x000000008bc00000| PB 0x000000008bc00000| Untracked 
|  23|0x000000008bd00000, 0x000000008be00000, 0x000000008be00000|100%| O|  |TAMS 0x000000008bd00000| PB 0x000000008bd00000| Untracked 
|  24|0x000000008be00000, 0x000000008bf00000, 0x000000008bf00000|100%| O|  |TAMS 0x000000008be00000| PB 0x000000008be00000| Untracked 
|  25|0x000000008bf00000, 0x000000008c000000, 0x000000008c000000|100%| O|  |TAMS 0x000000008bf00000| PB 0x000000008bf00000| Untracked 
|  26|0x000000008c000000, 0x000000008c100000, 0x000000008c100000|100%| O|  |TAMS 0x000000008c000000| PB 0x000000008c000000| Untracked 
|  27|0x000000008c100000, 0x000000008c200000, 0x000000008c200000|100%| O|  |TAMS 0x000000008c100000| PB 0x000000008c100000| Untracked 
|  28|0x000000008c200000, 0x000000008c300000, 0x000000008c300000|100%| O|  |TAMS 0x000000008c200000| PB 0x000000008c200000| Untracked 
|  29|0x000000008c300000, 0x000000008c400000, 0x000000008c400000|100%| O|  |TAMS 0x000000008c300000| PB 0x000000008c300000| Untracked 
|  30|0x000000008c400000, 0x000000008c4dcd40, 0x000000008c500000| 86%| O|  |TAMS 0x000000008c400000| PB 0x000000008c400000| Untracked 
|  31|0x000000008c500000, 0x000000008c600000, 0x000000008c600000|100%| O|  |TAMS 0x000000008c500000| PB 0x000000008c500000| Untracked 
|  32|0x000000008c600000, 0x000000008c600000, 0x000000008c700000|  0%| F|  |TAMS 0x000000008c600000| PB 0x000000008c600000| Untracked 
|  33|0x000000008c700000, 0x000000008c700000, 0x000000008c800000|  0%| F|  |TAMS 0x000000008c700000| PB 0x000000008c700000| Untracked 
|  34|0x000000008c800000, 0x000000008c900000, 0x000000008c900000|100%| O|  |TAMS 0x000000008c800000| PB 0x000000008c800000| Untracked 
|  35|0x000000008c900000, 0x000000008c900000, 0x000000008ca00000|  0%| F|  |TAMS 0x000000008c900000| PB 0x000000008c900000| Untracked 
|  36|0x000000008ca00000, 0x000000008cafe3d0, 0x000000008cb00000| 99%| S|CS|TAMS 0x000000008ca00000| PB 0x000000008ca00000| Complete 
|  37|0x000000008cb00000, 0x000000008cb00000, 0x000000008cc00000|  0%| F|  |TAMS 0x000000008cb00000| PB 0x000000008cb00000| Untracked 
|  38|0x000000008cc00000, 0x000000008cc00000, 0x000000008cd00000|  0%| F|  |TAMS 0x000000008cc00000| PB 0x000000008cc00000| Untracked 
|  39|0x000000008cd00000, 0x000000008cd00000, 0x000000008ce00000|  0%| F|  |TAMS 0x000000008cd00000| PB 0x000000008cd00000| Untracked 
|  40|0x000000008ce00000, 0x000000008ce00000, 0x000000008cf00000|  0%| F|  |TAMS 0x000000008ce00000| PB 0x000000008ce00000| Untracked 
|  41|0x000000008cf00000, 0x000000008d000000, 0x000000008d000000|100%| O|  |TAMS 0x000000008cf00000| PB 0x000000008cf00000| Untracked 
|  42|0x000000008d000000, 0x000000008d000000, 0x000000008d100000|  0%| F|  |TAMS 0x000000008d000000| PB 0x000000008d000000| Untracked 
|  43|0x000000008d100000, 0x000000008d200000, 0x000000008d200000|100%| O|  |TAMS 0x000000008d100000| PB 0x000000008d100000| Untracked 
|  44|0x000000008d200000, 0x000000008d200000, 0x000000008d300000|  0%| F|  |TAMS 0x000000008d200000| PB 0x000000008d200000| Untracked 
|  45|0x000000008d300000, 0x000000008d300000, 0x000000008d400000|  0%| F|  |TAMS 0x000000008d300000| PB 0x000000008d300000| Untracked 
|  46|0x000000008d400000, 0x000000008d400000, 0x000000008d500000|  0%| F|  |TAMS 0x000000008d400000| PB 0x000000008d400000| Untracked 
|  47|0x000000008d500000, 0x000000008d500000, 0x000000008d600000|  0%| F|  |TAMS 0x000000008d500000| PB 0x000000008d500000| Untracked 
|  48|0x000000008d600000, 0x000000008d600000, 0x000000008d700000|  0%| F|  |TAMS 0x000000008d600000| PB 0x000000008d600000| Untracked 
|  49|0x000000008d700000, 0x000000008d701dc0, 0x000000008d800000|  0%| E|  |TAMS 0x000000008d700000| PB 0x000000008d700000| Complete 
|  50|0x000000008d800000, 0x000000008d900000, 0x000000008d900000|100%| E|CS|TAMS 0x000000008d800000| PB 0x000000008d800000| Complete 
|  51|0x000000008d900000, 0x000000008da00000, 0x000000008da00000|100%| E|CS|TAMS 0x000000008d900000| PB 0x000000008d900000| Complete 
|  52|0x000000008da00000, 0x000000008db00000, 0x000000008db00000|100%| E|CS|TAMS 0x000000008da00000| PB 0x000000008da00000| Complete 
|  53|0x000000008db00000, 0x000000008dc00000, 0x000000008dc00000|100%| E|CS|TAMS 0x000000008db00000| PB 0x000000008db00000| Complete 
|  54|0x000000008dc00000, 0x000000008dd00000, 0x000000008dd00000|100%| E|CS|TAMS 0x000000008dc00000| PB 0x000000008dc00000| Complete 
|  55|0x000000008dd00000, 0x000000008de00000, 0x000000008de00000|100%| E|CS|TAMS 0x000000008dd00000| PB 0x000000008dd00000| Complete 
|  56|0x000000008de00000, 0x000000008df00000, 0x000000008df00000|100%| E|CS|TAMS 0x000000008de00000| PB 0x000000008de00000| Complete 
|  57|0x000000008df00000, 0x000000008e000000, 0x000000008e000000|100%| E|CS|TAMS 0x000000008df00000| PB 0x000000008df00000| Complete 
|  58|0x000000008e000000, 0x000000008e100000, 0x000000008e100000|100%| E|CS|TAMS 0x000000008e000000| PB 0x000000008e000000| Complete 
|  59|0x000000008e100000, 0x000000008e200000, 0x000000008e200000|100%| E|CS|TAMS 0x000000008e100000| PB 0x000000008e100000| Complete 
|  60|0x000000008e200000, 0x000000008e300000, 0x000000008e300000|100%| E|CS|TAMS 0x000000008e200000| PB 0x000000008e200000| Complete 
|  61|0x000000008e300000, 0x000000008e400000, 0x000000008e400000|100%| E|CS|TAMS 0x000000008e300000| PB 0x000000008e300000| Complete 
|  62|0x000000008e400000, 0x000000008e500000, 0x000000008e500000|100%| E|CS|TAMS 0x000000008e400000| PB 0x000000008e400000| Complete 
|  63|0x000000008e500000, 0x000000008e600000, 0x000000008e600000|100%| E|CS|TAMS 0x000000008e500000| PB 0x000000008e500000| Complete 
|  64|0x000000008e600000, 0x000000008e700000, 0x000000008e700000|100%| E|CS|TAMS 0x000000008e600000| PB 0x000000008e600000| Complete 
|  65|0x000000008e700000, 0x000000008e800000, 0x000000008e800000|100%| E|CS|TAMS 0x000000008e700000| PB 0x000000008e700000| Complete 
|  66|0x000000008e800000, 0x000000008e900000, 0x000000008e900000|100%| E|CS|TAMS 0x000000008e800000| PB 0x000000008e800000| Complete 
|  67|0x000000008e900000, 0x000000008ea00000, 0x000000008ea00000|100%| E|CS|TAMS 0x000000008e900000| PB 0x000000008e900000| Complete 
|  68|0x000000008ea00000, 0x000000008eb00000, 0x000000008eb00000|100%| E|CS|TAMS 0x000000008ea00000| PB 0x000000008ea00000| Complete 
|  69|0x000000008eb00000, 0x000000008ec00000, 0x000000008ec00000|100%| E|CS|TAMS 0x000000008eb00000| PB 0x000000008eb00000| Complete 
|  70|0x000000008ec00000, 0x000000008ed00000, 0x000000008ed00000|100%| E|CS|TAMS 0x000000008ec00000| PB 0x000000008ec00000| Complete 
|  85|0x000000008fb00000, 0x000000008fc00000, 0x000000008fc00000|100%| E|CS|TAMS 0x000000008fb00000| PB 0x000000008fb00000| Complete 
|  86|0x000000008fc00000, 0x000000008fd00000, 0x000000008fd00000|100%| E|CS|TAMS 0x000000008fc00000| PB 0x000000008fc00000| Complete 
|  87|0x000000008fd00000, 0x000000008fe00000, 0x000000008fe00000|100%| E|CS|TAMS 0x000000008fd00000| PB 0x000000008fd00000| Complete 
|  88|0x000000008fe00000, 0x000000008ff00000, 0x000000008ff00000|100%| E|CS|TAMS 0x000000008fe00000| PB 0x000000008fe00000| Complete 
|  89|0x000000008ff00000, 0x0000000090000000, 0x0000000090000000|100%| E|CS|TAMS 0x000000008ff00000| PB 0x000000008ff00000| Complete 
|  90|0x0000000090000000, 0x0000000090100000, 0x0000000090100000|100%| E|CS|TAMS 0x0000000090000000| PB 0x0000000090000000| Complete 
| 117|0x0000000091b00000, 0x0000000091c00000, 0x0000000091c00000|100%| E|CS|TAMS 0x0000000091b00000| PB 0x0000000091b00000| Complete 
|1879|0x00000000ffd00000, 0x00000000ffe00000, 0x00000000ffe00000|100%| O|  |TAMS 0x00000000ffd00000| PB 0x00000000ffd00000| Untracked 
|1880|0x00000000ffe00000, 0x00000000fff00000, 0x00000000fff00000|100%| O|  |TAMS 0x00000000ffe00000| PB 0x00000000ffe00000| Untracked 
|1881|0x00000000fff00000, 0x0000000100000000, 0x0000000100000000|100%| O|  |TAMS 0x00000000fff00000| PB 0x00000000fff00000| Untracked 

Card table byte_map: [0x00000238fd080000,0x00000238fd430000] _byte_map_base: 0x00000238fcc2d000

Marking Bits: (CMBitMap*) 0x00000238fc70dfc0
 Bits: [0x00000238fd430000, 0x00000238ff198000)

Polling page: 0x00000238fbe70000

Metaspace:

Usage:
  Non-class:     66.21 MB used.
      Class:     10.02 MB used.
       Both:     76.23 MB used.

Virtual space:
  Non-class space:      128.00 MB reserved,      66.81 MB ( 52%) committed,  2 nodes.
      Class space:        1.00 GB reserved,      10.50 MB (  1%) committed,  1 nodes.
             Both:        1.12 GB reserved,      77.31 MB (  7%) committed. 

Chunk freelists:
   Non-Class:  13.56 MB
       Class:  5.63 MB
        Both:  19.19 MB

MaxMetaspaceSize: unlimited
CompressedClassSpaceSize: 1.00 GB
Initial GC threshold: 21.00 MB
Current GC threshold: 128.69 MB
CDS: on
 - commit_granule_bytes: 65536.
 - commit_granule_words: 8192.
 - virtual_space_node_default_size: 8388608.
 - enlarge_chunks_in_place: 1.
 - use_allocation_guard: 0.


Internal statistics:

num_allocs_failed_limit: 9.
num_arena_births: 1158.
num_arena_deaths: 464.
num_vsnodes_births: 3.
num_vsnodes_deaths: 0.
num_space_committed: 1237.
num_space_uncommitted: 0.
num_chunks_returned_to_freelist: 537.
num_chunks_taken_from_freelist: 3986.
num_chunk_merges: 131.
num_chunk_splits: 2810.
num_chunks_enlarged: 2152.
num_inconsistent_stats: 0.

CodeHeap 'non-profiled nmethods': size=120000Kb used=2113Kb max_used=4865Kb free=117886Kb
 bounds [0x000002388fe90000, 0x0000023890360000, 0x00000238973c0000]
CodeHeap 'profiled nmethods': size=120000Kb used=3822Kb max_used=13892Kb free=116177Kb
 bounds [0x00000238883c0000, 0x0000023889160000, 0x000002388f8f0000]
CodeHeap 'non-nmethods': size=5760Kb used=1712Kb max_used=1774Kb free=4047Kb
 bounds [0x000002388f8f0000, 0x000002388fb60000, 0x000002388fe90000]
 total_blobs=3255 nmethods=2519 adapters=640
 compilation: enabled
              stopped_count=0, restarted_count=0
 full_count=0

Compilation events (20 events):
Event: 12578.793 Thread 0x00000238ffe2d520 8548       4       java.util.zip.ZipCoder::hash (36 bytes)
Event: 12578.795 Thread 0x00000238ffe2d520 nmethod 8548 0x000002388fe9b590 code [0x000002388fe9b740, 0x000002388fe9b978]
Event: 12578.795 Thread 0x00000238ffe2d520 8550       4       java.util.zip.ZipFile$Source::getEntryHash (7 bytes)
Event: 12578.796 Thread 0x00000238ffe2d520 nmethod 8550 0x000002388feb6b10 code [0x000002388feb6ca0, 0x000002388feb6d68]
Event: 12578.796 Thread 0x00000238ffe2d520 8553       4       java.util.zip.ZipUtils::SH (21 bytes)
Event: 12578.796 Thread 0x00000238ffe2d520 nmethod 8553 0x000002389000b510 code [0x000002389000b6a0, 0x000002389000b780]
Event: 12578.798 Thread 0x00000238ffe2d520 8554       4       java.util.jar.Manifest$FastInputStream::readLine (9 bytes)
Event: 12578.807 Thread 0x00000238ffe2d520 nmethod 8554 0x000002388fefef90 code [0x000002388feff160, 0x000002388feff8b8]
Event: 12578.827 Thread 0x00000238ffe2d520 8555       4       java.util.LinkedHashMap$LinkedHashIterator::nextNode (68 bytes)
Event: 12578.829 Thread 0x00000238ffe31b20 8557       3       java.util.zip.ZipFile$Source::getEntryPos (164 bytes)
Event: 12578.830 Thread 0x00000238ffe31b20 nmethod 8557 0x00000238889fef90 code [0x00000238889ff1e0, 0x00000238889ffae0]
Event: 12578.830 Thread 0x00000238ffe2d520 nmethod 8555 0x000002388ff12590 code [0x000002388ff12720, 0x000002388ff129f8]
Event: 12578.830 Thread 0x00000238ffe2d520 8556       4       java.util.zip.ZipFile::ensureOpen (40 bytes)
Event: 12578.831 Thread 0x00000238ffe31b20 8559   !   3       java.util.zip.ZipFile::getEntry (59 bytes)
Event: 12578.832 Thread 0x00000238ffe31b20 nmethod 8559 0x00000238884efa90 code [0x00000238884efc80, 0x00000238884f0110]
Event: 12578.832 Thread 0x00000238ffe31b20 8561   !   2       java.util.jar.JarFile::checkForSpecialAttributes (163 bytes)
Event: 12578.832 Thread 0x00000238ffe2d520 nmethod 8556 0x00000238900a3a90 code [0x00000238900a3c20, 0x00000238900a3cf8]
Event: 12578.832 Thread 0x00000238ffe2d520 8558       4       jdk.internal.loader.URLClassPath::getResource (74 bytes)
Event: 12578.833 Thread 0x00000238ffe31b20 nmethod 8561 0x0000023888e18b90 code [0x0000023888e18de0, 0x0000023888e196d0]
Event: 12578.864 Thread 0x00000238ffe31b20 8562   !   2       jdk.internal.loader.URLClassPath$JarLoader::ensureOpen (36 bytes)

GC Heap History (20 events):
Event: 3528.457 GC heap before
{Heap before GC invocations=22 (full 0):
 garbage-first heap   total 81920K, used 76167K [0x000000008a600000, 0x0000000100000000)
  region size 1024K, 32 young (32768K), 1 survivors (1024K)
 Metaspace       used 77832K, committed 79040K, reserved 1179648K
  class space    used 10258K, committed 10752K, reserved 1048576K
}
Event: 3528.524 GC heap after
{Heap after GC invocations=23 (full 0):
 garbage-first heap   total 82944K, used 40679K [0x000000008a600000, 0x0000000100000000)
  region size 1024K, 2 young (2048K), 2 survivors (2048K)
 Metaspace       used 77832K, committed 79040K, reserved 1179648K
  class space    used 10258K, committed 10752K, reserved 1048576K
}
Event: 4411.108 GC heap before
{Heap before GC invocations=23 (full 0):
 garbage-first heap   total 82944K, used 74471K [0x000000008a600000, 0x0000000100000000)
  region size 1024K, 35 young (35840K), 2 survivors (2048K)
 Metaspace       used 77847K, committed 79040K, reserved 1179648K
  class space    used 10258K, committed 10752K, reserved 1048576K
}
Event: 4411.233 GC heap after
{Heap after GC invocations=24 (full 0):
 garbage-first heap   total 82944K, used 38672K [0x000000008a600000, 0x0000000100000000)
  region size 1024K, 1 young (1024K), 1 survivors (1024K)
 Metaspace       used 77847K, committed 79040K, reserved 1179648K
  class space    used 10258K, committed 10752K, reserved 1048576K
}
Event: 5274.030 GC heap before
{Heap before GC invocations=24 (full 0):
 garbage-first heap   total 82944K, used 76560K [0x000000008a600000, 0x0000000100000000)
  region size 1024K, 38 young (38912K), 1 survivors (1024K)
 Metaspace       used 77880K, committed 79104K, reserved 1179648K
  class space    used 10258K, committed 10752K, reserved 1048576K
}
Event: 5274.461 GC heap after
{Heap after GC invocations=25 (full 0):
 garbage-first heap   total 82944K, used 38993K [0x000000008a600000, 0x0000000100000000)
  region size 1024K, 2 young (2048K), 2 survivors (2048K)
 Metaspace       used 77880K, committed 79104K, reserved 1179648K
  class space    used 10258K, committed 10752K, reserved 1048576K
}
Event: 6173.176 GC heap before
{Heap before GC invocations=26 (full 0):
 garbage-first heap   total 82944K, used 74833K [0x000000008a600000, 0x0000000100000000)
  region size 1024K, 37 young (37888K), 2 survivors (2048K)
 Metaspace       used 77892K, committed 79104K, reserved 1179648K
  class space    used 10258K, committed 10752K, reserved 1048576K
}
Event: 6173.226 GC heap after
{Heap after GC invocations=27 (full 0):
 garbage-first heap   total 82944K, used 38779K [0x000000008a600000, 0x0000000100000000)
  region size 1024K, 1 young (1024K), 1 survivors (1024K)
 Metaspace       used 77892K, committed 79104K, reserved 1179648K
  class space    used 10258K, committed 10752K, reserved 1048576K
}
Event: 7066.059 GC heap before
{Heap before GC invocations=27 (full 0):
 garbage-first heap   total 82944K, used 76667K [0x000000008a600000, 0x0000000100000000)
  region size 1024K, 38 young (38912K), 1 survivors (1024K)
 Metaspace       used 77918K, committed 79104K, reserved 1179648K
  class space    used 10258K, committed 10752K, reserved 1048576K
}
Event: 7066.117 GC heap after
{Heap after GC invocations=28 (full 0):
 garbage-first heap   total 82944K, used 38353K [0x000000008a600000, 0x0000000100000000)
  region size 1024K, 2 young (2048K), 2 survivors (2048K)
 Metaspace       used 77918K, committed 79104K, reserved 1179648K
  class space    used 10258K, committed 10752K, reserved 1048576K
}
Event: 8283.704 GC heap before
{Heap before GC invocations=28 (full 0):
 garbage-first heap   total 82944K, used 74193K [0x000000008a600000, 0x0000000100000000)
  region size 1024K, 37 young (37888K), 2 survivors (2048K)
 Metaspace       used 77954K, committed 79168K, reserved 1179648K
  class space    used 10258K, committed 10752K, reserved 1048576K
}
Event: 8283.781 GC heap after
{Heap after GC invocations=29 (full 0):
 garbage-first heap   total 82944K, used 38378K [0x000000008a600000, 0x0000000100000000)
  region size 1024K, 2 young (2048K), 2 survivors (2048K)
 Metaspace       used 77954K, committed 79168K, reserved 1179648K
  class space    used 10258K, committed 10752K, reserved 1048576K
}
Event: 9197.084 GC heap before
{Heap before GC invocations=30 (full 0):
 garbage-first heap   total 82944K, used 74218K [0x000000008a600000, 0x0000000100000000)
  region size 1024K, 37 young (37888K), 2 survivors (2048K)
 Metaspace       used 77957K, committed 79168K, reserved 1179648K
  class space    used 10258K, committed 10752K, reserved 1048576K
}
Event: 9197.149 GC heap after
{Heap after GC invocations=31 (full 0):
 garbage-first heap   total 82944K, used 38110K [0x000000008a600000, 0x0000000100000000)
  region size 1024K, 1 young (1024K), 1 survivors (1024K)
 Metaspace       used 77957K, committed 79168K, reserved 1179648K
  class space    used 10258K, committed 10752K, reserved 1048576K
}
Event: 10050.858 GC heap before
{Heap before GC invocations=31 (full 0):
 garbage-first heap   total 82944K, used 75998K [0x000000008a600000, 0x0000000100000000)
  region size 1024K, 38 young (38912K), 1 survivors (1024K)
 Metaspace       used 77991K, committed 79168K, reserved 1179648K
  class space    used 10258K, committed 10752K, reserved 1048576K
}
Event: 10050.939 GC heap after
{Heap after GC invocations=32 (full 0):
 garbage-first heap   total 82944K, used 37892K [0x000000008a600000, 0x0000000100000000)
  region size 1024K, 2 young (2048K), 2 survivors (2048K)
 Metaspace       used 77991K, committed 79168K, reserved 1179648K
  class space    used 10258K, committed 10752K, reserved 1048576K
}
Event: 10975.866 GC heap before
{Heap before GC invocations=32 (full 0):
 garbage-first heap   total 82944K, used 74756K [0x000000008a600000, 0x0000000100000000)
  region size 1024K, 38 young (38912K), 2 survivors (2048K)
 Metaspace       used 77994K, committed 79168K, reserved 1179648K
  class space    used 10258K, committed 10752K, reserved 1048576K
}
Event: 10975.939 GC heap after
{Heap after GC invocations=33 (full 0):
 garbage-first heap   total 82944K, used 37648K [0x000000008a600000, 0x0000000100000000)
  region size 1024K, 1 young (1024K), 1 survivors (1024K)
 Metaspace       used 77994K, committed 79168K, reserved 1179648K
  class space    used 10258K, committed 10752K, reserved 1048576K
}
Event: 11899.587 GC heap before
{Heap before GC invocations=34 (full 0):
 garbage-first heap   total 82944K, used 76560K [0x000000008a600000, 0x0000000100000000)
  region size 1024K, 39 young (39936K), 1 survivors (1024K)
 Metaspace       used 78012K, committed 79168K, reserved 1179648K
  class space    used 10258K, committed 10752K, reserved 1048576K
}
Event: 11899.640 GC heap after
{Heap after GC invocations=35 (full 0):
 garbage-first heap   total 82944K, used 37740K [0x000000008a600000, 0x0000000100000000)
  region size 1024K, 1 young (1024K), 1 survivors (1024K)
 Metaspace       used 78012K, committed 79168K, reserved 1179648K
  class space    used 10258K, committed 10752K, reserved 1048576K
}

Dll operation events (14 events):
Event: 0.021 Loaded shared library C:\Program Files\Java\jdk-21\bin\java.dll
Event: 0.088 Loaded shared library C:\Program Files\Java\jdk-21\bin\jsvml.dll
Event: 0.381 Loaded shared library C:\Program Files\Java\jdk-21\bin\zip.dll
Event: 0.389 Loaded shared library C:\Program Files\Java\jdk-21\bin\instrument.dll
Event: 0.402 Loaded shared library C:\Program Files\Java\jdk-21\bin\net.dll
Event: 0.406 Loaded shared library C:\Program Files\Java\jdk-21\bin\nio.dll
Event: 0.417 Loaded shared library C:\Program Files\Java\jdk-21\bin\zip.dll
Event: 0.757 Loaded shared library C:\Program Files\JetBrains\IntelliJ IDEA Community Edition 2024.3.3\bin\breakgen64.dll
Event: 0.779 Loaded shared library C:\Program Files\Java\jdk-21\bin\extnet.dll
Event: 0.866 Loaded shared library C:\Program Files\Java\jdk-21\bin\jimage.dll
Event: 2.339 Loaded shared library C:\Program Files\Java\jdk-21\bin\management.dll
Event: 2.346 Loaded shared library C:\Program Files\Java\jdk-21\bin\management_ext.dll
Event: 6.392 Loaded shared library C:\Program Files\Java\jdk-21\bin\sunmscapi.dll
Event: 13.670 Loaded shared library C:\Program Files\Java\jdk-21\bin\verify.dll

Deoptimization events (20 events):
Event: 12476.273 Thread 0x00000238e2c65c50 Uncommon trap: trap_request=0xffffff45 fr.pc=0x000002389012a424 relative=0x0000000000000664
Event: 12476.273 Thread 0x00000238e2c65c50 Uncommon trap: reason=unstable_if action=reinterpret pc=0x000002389012a424 method=java.util.AbstractSet.equals(Ljava/lang/Object;)Z @ 31 c2
Event: 12476.273 Thread 0x00000238e2c65c50 DEOPT PACKING pc=0x000002389012a424 sp=0x000000cbfa0ff160
Event: 12476.273 Thread 0x00000238e2c65c50 DEOPT UNPACKING pc=0x000002388f9446a2 sp=0x000000cbfa0ff038 mode 2
Event: 12476.691 Thread 0x00000238e2c65c50 Uncommon trap: trap_request=0xffffffc6 fr.pc=0x0000023890151a88 relative=0x0000000000000208
Event: 12476.691 Thread 0x00000238e2c65c50 Uncommon trap: reason=bimorphic_or_optimized_type_check action=maybe_recompile pc=0x0000023890151a88 method=java.util.AbstractSet.equals(Ljava/lang/Object;)Z @ 28 c2
Event: 12476.691 Thread 0x00000238e2c65c50 DEOPT PACKING pc=0x0000023890151a88 sp=0x000000cbfa0ff180
Event: 12476.691 Thread 0x00000238e2c65c50 DEOPT UNPACKING pc=0x000002388f9446a2 sp=0x000000cbfa0ff118 mode 2
Event: 12476.692 Thread 0x00000238e2c65c50 Uncommon trap: trap_request=0xffffffc6 fr.pc=0x00000238901a1470 relative=0x0000000000000e30
Event: 12476.692 Thread 0x00000238e2c65c50 Uncommon trap: reason=bimorphic_or_optimized_type_check action=maybe_recompile pc=0x00000238901a1470 method=java.util.AbstractCollection.containsAll(Ljava/util/Collection;)Z @ 25 c2
Event: 12476.692 Thread 0x00000238e2c65c50 DEOPT PACKING pc=0x00000238901a1470 sp=0x000000cbfa0ff0c0
Event: 12476.692 Thread 0x00000238e2c65c50 DEOPT UNPACKING pc=0x000002388f9446a2 sp=0x000000cbfa0ff098 mode 2
Event: 12578.292 Thread 0x00000238e2c65c50 Uncommon trap: trap_request=0xffffff45 fr.pc=0x0000023890151ad4 relative=0x0000000000000254
Event: 12578.292 Thread 0x00000238e2c65c50 Uncommon trap: reason=unstable_if action=reinterpret pc=0x0000023890151ad4 method=java.util.AbstractSet.equals(Ljava/lang/Object;)Z @ 31 c2
Event: 12578.292 Thread 0x00000238e2c65c50 DEOPT PACKING pc=0x0000023890151ad4 sp=0x000000cbfa0ff080
Event: 12578.292 Thread 0x00000238e2c65c50 DEOPT UNPACKING pc=0x000002388f9446a2 sp=0x000000cbfa0ff008 mode 2
Event: 12578.697 Thread 0x00000238e2c65c50 Uncommon trap: trap_request=0xffffffc6 fr.pc=0x00000238901a1470 relative=0x0000000000000e30
Event: 12578.697 Thread 0x00000238e2c65c50 Uncommon trap: reason=bimorphic_or_optimized_type_check action=maybe_recompile pc=0x00000238901a1470 method=java.util.AbstractCollection.containsAll(Ljava/util/Collection;)Z @ 25 c2
Event: 12578.697 Thread 0x00000238e2c65c50 DEOPT PACKING pc=0x00000238901a1470 sp=0x000000cbfa0ff0d0
Event: 12578.697 Thread 0x00000238e2c65c50 DEOPT UNPACKING pc=0x000002388f9446a2 sp=0x000000cbfa0ff0a8 mode 2

Classes loaded (20 events):
Event: 26.003 Loading class com/sun/beans/util/Cache done
Event: 26.003 Loading class com/sun/beans/introspect/ClassInfo$1 done
Event: 26.003 Loading class com/sun/beans/util/Cache$Kind
Event: 26.003 Loading class com/sun/beans/util/Cache$Kind done
Event: 26.003 Loading class com/sun/beans/util/Cache$Kind$1
Event: 26.003 Loading class com/sun/beans/util/Cache$Kind$1 done
Event: 26.003 Loading class com/sun/beans/util/Cache$Kind$2
Event: 26.004 Loading class com/sun/beans/util/Cache$Kind$2 done
Event: 26.004 Loading class com/sun/beans/util/Cache$Kind$3
Event: 26.004 Loading class com/sun/beans/util/Cache$Kind$3 done
Event: 26.044 Loading class com/sun/beans/util/Cache$CacheEntry
Event: 26.045 Loading class com/sun/beans/util/Cache$CacheEntry done
Event: 1375.883 Loading class sun/security/ssl/Alert
Event: 1376.040 Loading class sun/security/ssl/Alert done
Event: 1376.070 Loading class sun/security/ssl/Alert$AlertConsumer
Event: 1376.125 Loading class sun/security/ssl/Alert$AlertConsumer done
Event: 1376.126 Loading class sun/security/ssl/Alert$Level
Event: 1376.136 Loading class sun/security/ssl/Alert$Level done
Event: 1376.177 Loading class sun/net/ConnectionResetException
Event: 1376.192 Loading class sun/net/ConnectionResetException done

Classes unloaded (20 events):
Event: 2037.212 Thread 0x00000238ffdf9b50 Unloading class 0x000002389b099400 'java/lang/invoke/LambdaForm$MH+0x000002389b099400'
Event: 2037.213 Thread 0x00000238ffdf9b50 Unloading class 0x000002389b034c00 'java/lang/invoke/LambdaForm$MH+0x000002389b034c00'
Event: 2037.213 Thread 0x00000238ffdf9b50 Unloading class 0x000002389b01b400 'java/lang/invoke/LambdaForm$MH+0x000002389b01b400'
Event: 2037.213 Thread 0x00000238ffdf9b50 Unloading class 0x000002389b01ac00 'java/lang/invoke/LambdaForm$MH+0x000002389b01ac00'
Event: 2037.213 Thread 0x00000238ffdf9b50 Unloading class 0x000002389b01a400 'java/lang/invoke/LambdaForm$MH+0x000002389b01a400'
Event: 2037.213 Thread 0x00000238ffdf9b50 Unloading class 0x000002389b01a000 'java/lang/invoke/LambdaForm$MH+0x000002389b01a000'
Event: 2037.213 Thread 0x00000238ffdf9b50 Unloading class 0x000002389b019000 'java/lang/invoke/LambdaForm$MH+0x000002389b019000'
Event: 2037.213 Thread 0x00000238ffdf9b50 Unloading class 0x000002389b018400 'java/lang/invoke/LambdaForm$MH+0x000002389b018400'
Event: 2037.213 Thread 0x00000238ffdf9b50 Unloading class 0x000002389b018000 'java/lang/invoke/LambdaForm$MH+0x000002389b018000'
Event: 2037.213 Thread 0x00000238ffdf9b50 Unloading class 0x000002389b017800 'java/lang/invoke/LambdaForm$MH+0x000002389b017800'
Event: 2037.213 Thread 0x00000238ffdf9b50 Unloading class 0x000002389b017400 'java/lang/invoke/LambdaForm$MH+0x000002389b017400'
Event: 2037.213 Thread 0x00000238ffdf9b50 Unloading class 0x000002389b017000 'java/lang/invoke/LambdaForm$MH+0x000002389b017000'
Event: 2037.213 Thread 0x00000238ffdf9b50 Unloading class 0x000002389b016400 'java/lang/invoke/LambdaForm$MH+0x000002389b016400'
Event: 2037.213 Thread 0x00000238ffdf9b50 Unloading class 0x000002389b015400 'java/lang/invoke/LambdaForm$MH+0x000002389b015400'
Event: 2037.213 Thread 0x00000238ffdf9b50 Unloading class 0x000002389b014800 'java/lang/invoke/LambdaForm$MH+0x000002389b014800'
Event: 2037.214 Thread 0x00000238ffdf9b50 Unloading class 0x000002389b014000 'java/lang/invoke/LambdaForm$MH+0x000002389b014000'
Event: 2037.214 Thread 0x00000238ffdf9b50 Unloading class 0x000002389b002400 'java/lang/invoke/LambdaForm$MH+0x000002389b002400'
Event: 2037.214 Thread 0x00000238ffdf9b50 Unloading class 0x000002389b002000 'java/lang/invoke/LambdaForm$MH+0x000002389b002000'
Event: 2037.214 Thread 0x00000238ffdf9b50 Unloading class 0x000002389b001c00 'java/lang/invoke/LambdaForm$MH+0x000002389b001c00'
Event: 2037.214 Thread 0x00000238ffdf9b50 Unloading class 0x000002389b001400 'java/lang/invoke/LambdaForm$MH+0x000002389b001400'

Classes redefined (0 events):
No events

Internal exceptions (20 events):
Event: 4597.375 Thread 0x00000238e2c62e60 Exception <a 'java/io/IOException'{0x000000008eb03ff8}> (0x000000008eb03ff8) 
thrown [s\open\src\hotspot\share\prims\jni.cpp, line 520]
Event: 4742.132 Thread 0x00000238e2c62e60 Exception <a 'java/io/IOException'{0x000000008e5017b0}> (0x000000008e5017b0) 
thrown [s\open\src\hotspot\share\prims\jni.cpp, line 520]
Event: 4742.134 Thread 0x00000238e2c62e60 Exception <a 'java/io/IOException'{0x000000008e5023d0}> (0x000000008e5023d0) 
thrown [s\open\src\hotspot\share\prims\jni.cpp, line 520]
Event: 5402.578 Thread 0x00000238e2748320 Implicit null exception at 0x000002388ff070c9 to 0x000002388ff07390
Event: 5403.572 Thread 0x00000238e2748320 Implicit null exception at 0x000002388ff070c9 to 0x000002388ff07390
Event: 5404.571 Thread 0x00000238e2748320 Implicit null exception at 0x000002388ff070c9 to 0x000002388ff07390
Event: 5405.571 Thread 0x00000238e2748320 Implicit null exception at 0x000002388ff070c9 to 0x000002388ff07390
Event: 5881.056 Thread 0x00000238e31041f0 Exception <a 'java/io/IOException'{0x000000008dc01660}> (0x000000008dc01660) 
thrown [s\open\src\hotspot\share\prims\jni.cpp, line 520]
Event: 5881.075 Thread 0x00000238e31041f0 Exception <a 'java/io/IOException'{0x000000008dc02588}> (0x000000008dc02588) 
thrown [s\open\src\hotspot\share\prims\jni.cpp, line 520]
Event: 7793.068 Thread 0x00000238e31041f0 Exception <a 'java/io/IOException'{0x000000008e70e788}> (0x000000008e70e788) 
thrown [s\open\src\hotspot\share\prims\jni.cpp, line 520]
Event: 7793.076 Thread 0x00000238e31041f0 Exception <a 'java/io/IOException'{0x000000008e70f6b0}> (0x000000008e70f6b0) 
thrown [s\open\src\hotspot\share\prims\jni.cpp, line 520]
Event: 9320.183 Thread 0x00000238e31041f0 Exception <a 'java/io/IOException'{0x000000008fc01660}> (0x000000008fc01660) 
thrown [s\open\src\hotspot\share\prims\jni.cpp, line 520]
Event: 9320.199 Thread 0x00000238e31041f0 Exception <a 'java/io/IOException'{0x000000008fc02588}> (0x000000008fc02588) 
thrown [s\open\src\hotspot\share\prims\jni.cpp, line 520]
Event: 10759.568 Thread 0x00000238e31041f0 Exception <a 'java/io/IOException'{0x000000008d986560}> (0x000000008d986560) 
thrown [s\open\src\hotspot\share\prims\jni.cpp, line 520]
Event: 10759.576 Thread 0x00000238e31041f0 Exception <a 'java/io/IOException'{0x000000008d987488}> (0x000000008d987488) 
thrown [s\open\src\hotspot\share\prims\jni.cpp, line 520]
Event: 10891.617 Thread 0x00000238e3104f10 Exception <a 'java/io/IOException'{0x000000008d303118}> (0x000000008d303118) 
thrown [s\open\src\hotspot\share\prims\jni.cpp, line 520]
Event: 10891.617 Thread 0x00000238e3104f10 Exception <a 'java/io/IOException'{0x000000008d303d38}> (0x000000008d303d38) 
thrown [s\open\src\hotspot\share\prims\jni.cpp, line 520]
Event: 12311.647 Thread 0x00000238e3104f10 Exception <a 'java/io/IOException'{0x000000008e484678}> (0x000000008e484678) 
thrown [s\open\src\hotspot\share\prims\jni.cpp, line 520]
Event: 12311.660 Thread 0x00000238e3104f10 Exception <a 'java/io/IOException'{0x000000008e4855a0}> (0x000000008e4855a0) 
thrown [s\open\src\hotspot\share\prims\jni.cpp, line 520]
Event: 12475.447 Thread 0x00000238e2c65c50 Implicit null exception at 0x000002388ffb1557 to 0x000002388ffb496c

ZGC Phase Switch (0 events):
No events

VM Operations (20 events):
Event: 10976.345 Executing VM operation: G1PauseRemark done
Event: 10976.354 Executing VM operation: G1PauseCleanup
Event: 10976.355 Executing VM operation: G1PauseCleanup done
Event: 11010.728 Executing VM operation: Cleanup
Event: 11010.728 Executing VM operation: Cleanup done
Event: 11037.002 Executing VM operation: Cleanup
Event: 11037.002 Executing VM operation: Cleanup done
Event: 11137.044 Executing VM operation: Cleanup
Event: 11137.044 Executing VM operation: Cleanup done
Event: 11899.581 Executing VM operation: G1CollectForAllocation (G1 Evacuation Pause)
Event: 11899.640 Executing VM operation: G1CollectForAllocation (G1 Evacuation Pause) done
Event: 12312.069 Executing VM operation: Cleanup
Event: 12312.069 Executing VM operation: Cleanup done
Event: 12440.447 Executing VM operation: Cleanup
Event: 12440.447 Executing VM operation: Cleanup done
Event: 12478.847 Executing VM operation: Cleanup
Event: 12478.847 Executing VM operation: Cleanup done
Event: 12504.101 Executing VM operation: Cleanup
Event: 12504.101 Executing VM operation: Cleanup done
Event: 12578.897 Executing VM operation: Cleanup

Events (20 events):
Event: 12311.665 Thread 0x00000238e31041f0 Thread added: 0x00000238e31041f0
Event: 12316.676 Thread 0x00000238e3104f10 Thread exited: 0x00000238e3104f10
Event: 12316.860 Thread 0x00000238e31041f0 Thread exited: 0x00000238e31041f0
Event: 12393.914 Thread 0x00000238e31041f0 Thread added: 0x00000238e31041f0
Event: 12393.918 Thread 0x00000238e3104f10 Thread added: 0x00000238e3104f10
Event: 12398.930 Thread 0x00000238e31041f0 Thread exited: 0x00000238e31041f0
Event: 12398.976 Thread 0x00000238e3104f10 Thread exited: 0x00000238e3104f10
Event: 12440.106 Thread 0x00000238e3104f10 Thread added: 0x00000238e3104f10
Event: 12440.108 Thread 0x00000238e31041f0 Thread added: 0x00000238e31041f0
Event: 12445.117 Thread 0x00000238e3104f10 Thread exited: 0x00000238e3104f10
Event: 12445.163 Thread 0x00000238e31041f0 Thread exited: 0x00000238e31041f0
Event: 12478.333 Thread 0x00000238e3104f10 Thread added: 0x00000238e3104f10
Event: 12478.335 Thread 0x00000238e31041f0 Thread added: 0x00000238e31041f0
Event: 12483.341 Thread 0x00000238e3104f10 Thread exited: 0x00000238e3104f10
Event: 12483.404 Thread 0x00000238e31041f0 Thread exited: 0x00000238e31041f0
Event: 12503.667 Thread 0x00000238e3104f10 Thread added: 0x00000238e3104f10
Event: 12503.670 Thread 0x00000238e31041f0 Thread added: 0x00000238e31041f0
Event: 12508.672 Thread 0x00000238e3104f10 Thread exited: 0x00000238e3104f10
Event: 12508.735 Thread 0x00000238e31041f0 Thread exited: 0x00000238e31041f0
Event: 12578.787 Thread 0x00000238ffe321f0 Thread added: 0x00000238ffe321f0


Dynamic libraries:
0x00007ff6b0cb0000 - 0x00007ff6b0cc0000 	C:\Program Files\Java\jdk-21\bin\java.exe
0x00007ffa9d520000 - 0x00007ffa9d788000 	C:\WINDOWS\SYSTEM32\ntdll.dll
0x00007ffa9ba40000 - 0x00007ffa9bb09000 	C:\WINDOWS\System32\KERNEL32.DLL
0x00007ffa9a930000 - 0x00007ffa9ad28000 	C:\WINDOWS\System32\KERNELBASE.dll
0x00007ffa9a6a0000 - 0x00007ffa9a7eb000 	C:\WINDOWS\System32\ucrtbase.dll
0x00007ffa556b0000 - 0x00007ffa556cb000 	C:\Program Files\Java\jdk-21\bin\VCRUNTIME140.dll
0x00007ffa55690000 - 0x00007ffa556a9000 	C:\Program Files\Java\jdk-21\bin\jli.dll
0x00007ffa9c050000 - 0x00007ffa9c104000 	C:\WINDOWS\System32\ADVAPI32.dll
0x00007ffa9b5d0000 - 0x00007ffa9b679000 	C:\WINDOWS\System32\msvcrt.dll
0x00007ffa9bb10000 - 0x00007ffa9bbb6000 	C:\WINDOWS\System32\sechost.dll
0x00007ffa9b430000 - 0x00007ffa9b548000 	C:\WINDOWS\System32\RPCRT4.dll
0x00007ffa9cf50000 - 0x00007ffa9d117000 	C:\WINDOWS\System32\USER32.dll
0x00007ffa9a670000 - 0x00007ffa9a697000 	C:\WINDOWS\System32\win32u.dll
0x00007ffa7d1e0000 - 0x00007ffa7d474000 	C:\WINDOWS\WinSxS\amd64_microsoft.windows.common-controls_6595b64144ccf1df_6.0.26100.7019_none_3e06ffa0e335b8a8\COMCTL32.dll
0x00007ffa9c1f0000 - 0x00007ffa9c21b000 	C:\WINDOWS\System32\GDI32.dll
0x00007ffa9af60000 - 0x00007ffa9b08c000 	C:\WINDOWS\System32\gdi32full.dll
0x00007ffa9b090000 - 0x00007ffa9b133000 	C:\WINDOWS\System32\msvcp_win.dll
0x00007ffa933e0000 - 0x00007ffa933eb000 	C:\WINDOWS\SYSTEM32\VERSION.dll
0x00007ffa9b850000 - 0x00007ffa9b881000 	C:\WINDOWS\System32\IMM32.DLL
0x00007ffa95730000 - 0x00007ffa9573c000 	C:\Program Files\Java\jdk-21\bin\vcruntime140_1.dll
0x00007ffa0b510000 - 0x00007ffa0b59e000 	C:\Program Files\Java\jdk-21\bin\msvcp140.dll
0x00007ff9b3da0000 - 0x00007ff9b4ab8000 	C:\Program Files\Java\jdk-21\bin\server\jvm.dll
0x00007ffa9b550000 - 0x00007ffa9b5c4000 	C:\WINDOWS\System32\WS2_32.dll
0x00007ffa9a4f0000 - 0x00007ffa9a54e000 	C:\WINDOWS\SYSTEM32\POWRPROF.dll
0x00007ffa918a0000 - 0x00007ffa918d5000 	C:\WINDOWS\SYSTEM32\WINMM.dll
0x00007ffa9a4d0000 - 0x00007ffa9a4e4000 	C:\WINDOWS\SYSTEM32\UMPDC.dll
0x00007ffa99430000 - 0x00007ffa9944b000 	C:\WINDOWS\SYSTEM32\kernel.appcore.dll
0x00007ffa55680000 - 0x00007ffa5568a000 	C:\Program Files\Java\jdk-21\bin\jimage.dll
0x00007ffa8e3f0000 - 0x00007ffa8e632000 	C:\WINDOWS\SYSTEM32\DBGHELP.DLL
0x00007ffa9cb40000 - 0x00007ffa9cecb000 	C:\WINDOWS\System32\combase.dll
0x00007ffa9c110000 - 0x00007ffa9c1e7000 	C:\WINDOWS\System32\OLEAUT32.dll
0x00007ffa78550000 - 0x00007ffa7858c000 	C:\WINDOWS\SYSTEM32\dbgcore.DLL
0x00007ffa9a7f0000 - 0x00007ffa9a895000 	C:\WINDOWS\System32\bcryptPrimitives.dll
0x00007ffa4ddb0000 - 0x00007ffa4ddbf000 	C:\Program Files\Java\jdk-21\bin\instrument.dll
0x00007ffa4de00000 - 0x00007ffa4de1f000 	C:\Program Files\Java\jdk-21\bin\java.dll
0x00007ffa9c220000 - 0x00007ffa9c96f000 	C:\WINDOWS\System32\SHELL32.dll
0x00007ffa9adf0000 - 0x00007ffa9af5b000 	C:\WINDOWS\System32\wintypes.dll
0x00007ffa98280000 - 0x00007ffa98add000 	C:\WINDOWS\SYSTEM32\windows.storage.dll
0x00007ffa9b8a0000 - 0x00007ffa9b992000 	C:\WINDOWS\System32\SHCORE.dll
0x00007ffa9b9b0000 - 0x00007ffa9ba17000 	C:\WINDOWS\System32\shlwapi.dll
0x00007ffa9a590000 - 0x00007ffa9a5b9000 	C:\WINDOWS\SYSTEM32\profapi.dll
0x00007ffa0ac60000 - 0x00007ffa0ad37000 	C:\Program Files\Java\jdk-21\bin\jsvml.dll
0x00007ffa4ddc0000 - 0x00007ffa4ddd8000 	C:\Program Files\Java\jdk-21\bin\zip.dll
0x00007ffa55670000 - 0x00007ffa55680000 	C:\Program Files\Java\jdk-21\bin\net.dll
0x00007ffa920f0000 - 0x00007ffa92218000 	C:\WINDOWS\SYSTEM32\WINHTTP.dll
0x00007ffa999a0000 - 0x00007ffa99a0b000 	C:\WINDOWS\system32\mswsock.dll
0x00007ffa4dde0000 - 0x00007ffa4ddf6000 	C:\Program Files\Java\jdk-21\bin\nio.dll
0x00007ffa0b810000 - 0x00007ffa0b82a000 	C:\Program Files\JetBrains\IntelliJ IDEA Community Edition 2024.3.3\bin\breakgen64.dll
0x00007ffa2b4b0000 - 0x00007ffa2b4b9000 	C:\Program Files\Java\jdk-21\bin\extnet.dll
0x00007ffa0b840000 - 0x00007ffa0b84a000 	C:\Program Files\Java\jdk-21\bin\management.dll
0x00007ffa0b830000 - 0x00007ffa0b83b000 	C:\Program Files\Java\jdk-21\bin\management_ext.dll
0x00007ffa9b9a0000 - 0x00007ffa9b9a8000 	C:\WINDOWS\System32\PSAPI.DLL
0x00007ffa98ea0000 - 0x00007ffa98ed4000 	C:\WINDOWS\SYSTEM32\IPHLPAPI.DLL
0x00007ffa9b890000 - 0x00007ffa9b89a000 	C:\WINDOWS\System32\NSI.dll
0x00007ffa98ee0000 - 0x00007ffa9900c000 	C:\WINDOWS\SYSTEM32\DNSAPI.dll
0x00007ffa92820000 - 0x00007ffa9282b000 	C:\Windows\System32\rasadhlp.dll
0x00007ffa8f350000 - 0x00007ffa8f3d6000 	C:\WINDOWS\System32\fwpuclnt.dll
0x00007ffa2b4c0000 - 0x00007ffa2b4ce000 	C:\Program Files\Java\jdk-21\bin\sunmscapi.dll
0x00007ffa9b140000 - 0x00007ffa9b2b7000 	C:\WINDOWS\System32\CRYPT32.dll
0x00007ffa99e80000 - 0x00007ffa99eb0000 	C:\WINDOWS\SYSTEM32\ncrypt.dll
0x00007ffa99e30000 - 0x00007ffa99e6f000 	C:\WINDOWS\SYSTEM32\NTASN1.dll
0x00007ffa99c70000 - 0x00007ffa99c8b000 	C:\WINDOWS\SYSTEM32\CRYPTSP.dll
0x00007ffa99390000 - 0x00007ffa993ca000 	C:\WINDOWS\system32\rsaenh.dll
0x00007ffa99a50000 - 0x00007ffa99a7b000 	C:\WINDOWS\SYSTEM32\USERENV.dll
0x00007ffa9a560000 - 0x00007ffa9a58a000 	C:\WINDOWS\SYSTEM32\bcrypt.dll
0x00007ffa99c60000 - 0x00007ffa99c6c000 	C:\WINDOWS\SYSTEM32\CRYPTBASE.dll
0x00007ffa0b800000 - 0x00007ffa0b810000 	C:\Program Files\Java\jdk-21\bin\verify.dll
0x00007ff9c7580000 - 0x00007ff9c7588000 	C:\WINDOWS\system32\wshunix.dll

dbghelp: loaded successfully - version: 4.0.5 - missing functions: none
symbol engine: initialized successfully - sym options: 0x614 - pdb path: .;C:\Program Files\Java\jdk-21\bin;C:\WINDOWS\SYSTEM32;C:\WINDOWS\WinSxS\amd64_microsoft.windows.common-controls_6595b64144ccf1df_6.0.26100.7019_none_3e06ffa0e335b8a8;C:\Program Files\Java\jdk-21\bin\server;C:\Program Files\JetBrains\IntelliJ IDEA Community Edition 2024.3.3\bin

VM Arguments:
jvm_args: -javaagent:C:\Program Files\JetBrains\IntelliJ IDEA Community Edition 2024.3.3\lib\idea_rt.jar=61294:C:\Program Files\JetBrains\IntelliJ IDEA Community Edition 2024.3.3\bin -Dfile.encoding=UTF-8 -Dsun.stdout.encoding=UTF-8 -Dsun.stderr.encoding=UTF-8 
java_command: com.i_care.Profile_Service.ProfileServiceApplication
java_class_path (initial): C:\Users\91973\OneDrive\Documents\Desktop\ICare\Profile-Service-I-care\target\classes;C:\Users\91973\.m2\repository\org\springframework\boot\spring-boot-starter-data-jpa\3.5.6\spring-boot-starter-data-jpa-3.5.6.jar;C:\Users\91973\.m2\repository\org\springframework\boot\spring-boot-starter\3.5.6\spring-boot-starter-3.5.6.jar;C:\Users\91973\.m2\repository\org\springframework\boot\spring-boot-starter-logging\3.5.6\spring-boot-starter-logging-3.5.6.jar;C:\Users\91973\.m2\repository\ch\qos\logback\logback-classic\1.5.18\logback-classic-1.5.18.jar;C:\Users\91973\.m2\repository\ch\qos\logback\logback-core\1.5.18\logback-core-1.5.18.jar;C:\Users\91973\.m2\repository\org\apache\logging\log4j\log4j-to-slf4j\2.24.3\log4j-to-slf4j-2.24.3.jar;C:\Users\91973\.m2\repository\org\apache\logging\log4j\log4j-api\2.24.3\log4j-api-2.24.3.jar;C:\Users\91973\.m2\repository\org\slf4j\jul-to-slf4j\2.0.17\jul-to-slf4j-2.0.17.jar;C:\Users\91973\.m2\repository\jakarta\annotation\jakarta.annotation-api\2.1.1\jakarta.annotation-api-2.1.1.jar;C:\Users\91973\.m2\repository\org\yaml\snakeyaml\2.4\snakeyaml-2.4.jar;C:\Users\91973\.m2\repository\org\springframework\boot\spring-boot-starter-jdbc\3.5.6\spring-boot-starter-jdbc-3.5.6.jar;C:\Users\91973\.m2\repository\com\zaxxer\HikariCP\6.3.3\HikariCP-6.3.3.jar;C:\Users\91973\.m2\repository\org\springframework\spring-jdbc\6.2.11\spring-jdbc-6.2.11.jar;C:\Users\91973\.m2\repository\org\hibernate\orm\hibernate-core\6.6.29.Final\hibernate-core-6.6.29.Final.jar;C:\Users\91973\.m2\repository\jakarta\persistence\jakarta.persistence-api\3.1.0\jakarta.persistence-api-3.1.0.jar;C:\Users\91973\.m2\repository\jakarta\transaction\jakarta.transaction-api\2.0.1\jakarta.transaction-api-2.0.1.jar;C:\Users\91973\.m2\repository\org\jboss\logging\jboss-logging\3.6.1.Final\jboss-logging-3.6.1.Final.jar;C:\Users\91973\.m2\repository\org\hibernate\common\hibernate-commons-annotations\7.0.3.Final\hibernate-commons-annotations-7.0.3.Final.jar;C:\Users\91973\.m2\repository\io\smallrye\jandex\3.2.0\jandex-3.2.0.jar;C:\Users\91973\.m2\repository\com\fasterxml\classmate\1.7.0\classmate-1.7.0.jar;C:\Users\91973\.m2\repository\net\bytebuddy\byte-buddy\1.17.7\byte-buddy-1.17.7.jar;C:\Users\91973\.m2\repository\org\glassfish\jaxb\jaxb-runtime\4.0.5\jaxb-runtime-4.0.5.jar;C:\Users\91973\.m2\repository\org\glassfish\jaxb\jaxb-core\4.0.5\jaxb-core-4.0.5.jar;C:\Users\91973\.m2\repository\org\eclipse\angus\angus-activation\2.0.2\angus-activation-2.0.2.jar;C:\Users\91973\.m2\repository\org\glassfish\jaxb\txw2\4.0.5\txw2-4.0.5.jar;C:\Users\91973\.m2\repository\com\sun\istack\istack-commons-runtime\4.1.2\istack-commons-runtime-4.1.2.jar;C:\Users\91973\.m2\repository\jakarta\inject\jakarta.inject-api\2.0.1\jakarta.inject-api-2.0.1.jar;C:\Users\91973\.m2\repository\org\antlr\antlr4-runtime\4.13.0\antlr4-runtime-4.13.0.jar;C:\Users\91973\.m2\repository\org\springframework\data\spring-data-jpa\3.5.4\spring-data-jpa-3.5.4.jar;C:\Users\91973\.m2\repository\org\springframework\data\spring-data-commons\3.5.4\spring-data-commons-3.5.4.jar;C:\Users\91973\.m2\repository\org\springframework\spring-orm\6.2.11\spring-orm-6.2.11.jar;C:\Users\91973\.m2\repository\org\springframework\spring-context\6.2.11\spring-context-6.2.11.jar;C:\Users\91973\.m2\repository\org\springframework\spring-tx\6.2.11\spring-tx-6.2.11.jar;C:\Users\91973\.m2\repository\org\springframework\spring-beans\6.2.11\spring-beans-6.2.11.jar;C:\Users\91973\.m2\repository\org\slf4j\slf4j-api\2.0.17\slf4j-api-2.0.17.jar;C:\Users\91973\.m2\repository\org\springframework\spring-aspects\6.2.11\spring-aspects-6.2.11.jar;C:\Users\91973\.m2\repository\org\aspectj\aspectjweaver\1.9.24\aspectjweaver-1.9.24.jar;C:\Users\91973\.m2\repository\org\springframework\boot\spring-boot-starter-security\3.5.6\spring-boot-starter-security-3.5.6.jar;C:\Users\91973\.m2\repository\org\springframework\spring-aop\6.2.11\spring-aop-6.2.11.jar;C:\Users\91973\.m2\repository\org\springframework\security\spring-security-config\6.5.5\spring-security-config-6.5.5.jar;C:\Users\91973\.m2\repository\org\springframework\security\spring-security-web\6.5.5\spring-security-web-6.5.5.jar;C:\Users\91973\.m2\repository\org\springframework\spring-expression\6.2.11\spring-expression-6.2.11.jar;C:\Users\91973\.m2\repository\org\springframework\boot\spring-boot-starter-validation\3.5.6\spring-boot-starter-validation-3.5.6.jar;C:\Users\91973\.m2\repository\org\apache\tomcat\embed\tomcat-embed-el\10.1.46\tomcat-embed-el-10.1.46.jar;C:\Users\91973\.m2\repository\org\hibernate\validator\hibernate-validator\8.0.3.Final\hibernate-validator-8.0.3.Final.jar;C:\Users\91973\.m2\repository\jakarta\validation\jakarta.validation-api\3.0.2\jakarta.validation-api-3.0.2.jar;C:\Users\91973\.m2\repository\org\springframework\boot\spring-boot-starter-web\3.5.6\spring-boot-starter-web-3.5.6.jar;C:\Users\91973\.m2\repository\org\springframework\boot\spring-boot-starter-json\3.5.6\spring-boot-starter-json-3.5.6.jar;C:\Users\91973\.m2\repository\com\fasterxml\jackson\datatype\jackson-datatype-jdk8\2.19.2\jackson-datatype-jdk8-2.19.2.jar;C:\Users\91973\.m2\repository\com\fasterxml\jackson\datatype\jackson-datatype-jsr310\2.19.2\jackson-datatype-jsr310-2.19.2.jar;C:\Users\91973\.m2\repository\com\fasterxml\jackson\module\jackson-module-parameter-names\2.19.2\jackson-module-parameter-names-2.19.2.jar;C:\Users\91973\.m2\repository\org\springframework\boot\spring-boot-starter-tomcat\3.5.6\spring-boot-starter-tomcat-3.5.6.jar;C:\Users\91973\.m2\repository\org\apache\tomcat\embed\tomcat-embed-core\10.1.46\tomcat-embed-core-10.1.46.jar;C:\Users\91973\.m2\repository\org\apache\tomcat\embed\tomcat-embed-websocket\10.1.46\tomcat-embed-websocket-10.1.46.jar;C:\Users\91973\.m2\repository\org\springframework\spring-web\6.2.11\spring-web-6.2.11.jar;C:\Users\91973\.m2\repository\io\micrometer\micrometer-observation\1.15.4\micrometer-observation-1.15.4.jar;C:\Users\91973\.m2\repository\io\micrometer\micrometer-commons\1.15.4\micrometer-commons-1.15.4.jar;C:\Users\91973\.m2\repository\org\springframework\spring-webmvc\6.2.11\spring-webmvc-6.2.11.jar;C:\Users\91973\.m2\repository\org\springframework\boot\spring-boot-devtools\3.5.6\spring-boot-devtools-3.5.6.jar;C:\Users\91973\.m2\repository\org\springframework\boot\spring-boot\3.5.6\spring-boot-3.5.6.jar;C:\Users\91973\.m2\repository\org\springframework\boot\spring-boot-autoconfigure\3.5.6\spring-boot-autoconfigure-3.5.6.jar;C:\Users\91973\.m2\repository\com\mysql\mysql-connector-j\9.4.0\mysql-connector-j-9.4.0.jar;C:\Users\91973\.m2\repository\jakarta\xml\bind\jakarta.xml.bind-api\4.0.2\jakarta.xml.bind-api-4.0.2.jar;C:\Users\91973\.m2\repository\jakarta\activation\jakarta.activation-api\2.1.4\jakarta.activation-api-2.1.4.jar;C:\Users\91973\.m2\repository\org\springframework\spring-core\6.2.11\spring-core-6.2.11.jar;C:\Users\91973\.m2\repository\org\springframework\spring-jcl\6.2.11\spring-jcl-6.2.11.jar;C:\Users\91973\.m2\repository\org\springframework\security\spring-security-core\6.5.5\spring-security-core-6.5.5.jar;C:\Users\91973\.m2\repository\org\springframework\security\spring-security-crypto\6.5.5\spring-security-crypto-6.5.5.jar;C:\Users\91973\.m2\repository\io\jsonwebtoken\jjwt-api\0.12.6\jjwt-api-0.12.6.jar;C:\Users\91973\.m2\repository\io\jsonwebtoken\jjwt-impl\0.12.6\jjwt-impl-0.12.6.jar;C:\Users\91973\.m2\repository\io\jsonwebtoken\jjwt-jackson\0.12.6\jjwt-jackson-0.12.6.jar;C:\Users\91973\.m2\repository\com\fasterxml\jackson\core\jackson-databind\2.19.2\jackson-databind-2.19.2.jar;C:\Users\91973\.m2\repository\com\fasterxml\jackson\core\jackson-annotations\2.19.2\jackson-annotations-2.19.2.jar;C:\Users\91973\.m2\repository\com\fasterxml\jackson\core\jackson-core\2.19.2\jackson-core-2.19.2.jar;C:\Users\91973\.m2\repository\org\springdoc\springdoc-openapi-starter-webmvc-ui\2.8.8\springdoc-openapi-starter-webmvc-ui-2.8.8.jar;C:\Users\91973\.m2\repository\org\springdoc\springdoc-openapi-starter-webmvc-api\2.8.8\springdoc-openapi-starter-webmvc-api-2.8.8.jar;C:\Users\91973\.m2\repository\org\springdoc\springdoc-openapi-starter-common\2.8.8\springdoc-openapi-starter-common-2.8.8.jar;C:\Users\91973\.m2\repository\io\swagger\core\v3\swagger-core-jakarta\2.2.30\swagger-core-jakarta-2.2.30.jar;C:\Users\91973\.m2\repository\org\apache\commons\commons-lang3\3.17.0\commons-lang3-3.17.0.jar;C:\Users\91973\.m2\repository\io\swagger\core\v3\swagger-annotations-jakarta\2.2.30\swagger-annotations-jakarta-2.2.30.jar;C:\Users\91973\.m2\repository\io\swagger\core\v3\swagger-models-jakarta\2.2.30\swagger-models-jakarta-2.2.30.jar;C:\Users\91973\.m2\repository\com\fasterxml\jackson\dataformat\jackson-dataformat-yaml\2.19.2\jackson-dataformat-yaml-2.19.2.jar;C:\Users\91973\.m2\repository\org\webjars\swagger-ui\5.21.0\swagger-ui-5.21.0.jar;C:\Users\91973\.m2\repository\org\webjars\webjars-locator-lite\1.1.0\webjars-locator-lite-1.1.0.jar;C:\Users\91973\.m2\repository\org\jspecify\jspecify\1.0.0\jspecify-1.0.0.jar;C:\Users\91973\.m2\repository\org\springframework\cloud\spring-cloud-starter-openfeign\4.3.0\spring-cloud-starter-openfeign-4.3.0.jar;C:\Users\91973\.m2\repository\org\springframework\cloud\spring-cloud-starter\4.3.0\spring-cloud-starter-4.3.0.jar;C:\Users\91973\.m2\repository\org\springframework\cloud\spring-cloud-context\4.3.0\spring-cloud-context-4.3.0.jar;C:\Users\91973\.m2\repository\org\bouncycastle\bcprov-jdk18on\1.80\bcprov-jdk18on-1.80.jar;C:\Users\91973\.m2\repository\org\springframework\cloud\spring-cloud-openfeign-core\4.3.0\spring-cloud-openfeign-core-4.3.0.jar;C:\Users\91973\.m2\repository\io\github\openfeign\feign-form-spring\13.6\feign-form-spring-13.6.jar;C:\Users\91973\.m2\repository\org\apache\commons\commons-text\1.13.0\commons-text-1.13.0.jar;C:\Users\91973\.m2\repository\io\github\openfeign\feign-form\13.6\feign-form-13.6.jar;C:\Users\91973\.m2\repository\commons-fileupload\commons-fileupload\1.5\commons-fileupload-1.5.jar;C:\Users\91973\.m2\repository\org\springframework\cloud\spring-cloud-commons\4.3.0\spring-cloud-commons-4.3.0.jar;C:\Users\91973\.m2\repository\io\github\openfeign\feign-core\13.6\feign-core-13.6.jar;C:\Users\91973\.m2\repository\io\github\openfeign\feign-slf4j\13.6\feign-slf4j-13.6.jar
Launcher Type: SUN_STANDARD

[Global flags]
     intx CICompilerCount                          = 4                                         {product} {ergonomic}
     uint ConcGCThreads                            = 3                                         {product} {ergonomic}
     uint G1ConcRefinementThreads                  = 10                                        {product} {ergonomic}
   size_t G1HeapRegionSize                         = 1048576                                   {product} {ergonomic}
    uintx GCDrainStackTargetSize                   = 64                                        {product} {ergonomic}
   size_t InitialHeapSize                          = 123731968                                 {product} {ergonomic}
   size_t MarkStackSize                            = 4194304                                   {product} {ergonomic}
   size_t MaxHeapSize                              = 1973420032                                {product} {ergonomic}
   size_t MaxNewSize                               = 1183842304                                {product} {ergonomic}
   size_t MinHeapDeltaBytes                        = 1048576                                   {product} {ergonomic}
   size_t MinHeapSize                              = 8388608                                   {product} {ergonomic}
    uintx NonNMethodCodeHeapSize                   = 5839372                                {pd product} {ergonomic}
    uintx NonProfiledCodeHeapSize                  = 122909434                              {pd product} {ergonomic}
    uintx ProfiledCodeHeapSize                     = 122909434                              {pd product} {ergonomic}
    uintx ReservedCodeCacheSize                    = 251658240                              {pd product} {ergonomic}
     bool SegmentedCodeCache                       = true                                      {product} {ergonomic}
   size_t SoftMaxHeapSize                          = 1973420032                             {manageable} {ergonomic}
     bool UseCompressedOops                        = true                           {product lp64_product} {ergonomic}
     bool UseG1GC                                  = true                                      {product} {ergonomic}
     bool UseLargePagesIndividualAllocation        = false                                  {pd product} {ergonomic}

Logging:
Log output configuration:
 #0: stdout all=warning uptime,level,tags foldmultilines=false
 #1: stderr all=off uptime,level,tags foldmultilines=false

Environment Variables:
JAVA_HOME=C:\Program Files\Java\jdk-21
PATH=C:\Program Files\Common Files\Oracle\Java\javapath;C:\app\91973\product\21c\dbhomeXE\bin;C:\windows\system32;C:\windows;C:\windows\System32\Wbem;C:\windows\System32\WindowsPowerShell\v1.0\;C:\windows\System32\OpenSSH\;C:\Program Files (x86)\NVIDIA Corporation\PhysX\Common;C:\Program Files\NVIDIA Corporation\NVIDIA NvDLISR;C:\MinGW\bin;C:\Users\91973\OneDrive\Documents\MATLAB\runtime\win64;C:\Users\91973\OneDrive\Documents\MATLAB\bin;C:\WINDOWS\system32;C:\WINDOWS;C:\WINDOWS\System32\Wbem;C:\WINDOWS\System32\WindowsPowerShell\v1.0\;C:\WINDOWS\System32\OpenSSH\;C:\ProgramData\chocolatey\bin;C:\Program Files\MongoDB\Server\6.0\bin;C:\mongodb-database-tools-windows-x86_64-100.7.3\bin;C:\Program Files\MySQL\MySQL Server 8.0\bin;C:\Program Files\HP\HP One Agent;C:\WINDOWS\system32;C:\WINDOWS;C:\WINDOWS\System32\Wbem;C:\WINDOWS\System32\WindowsPowerShell\v1.0\;C:\WINDOWS\System32\OpenSSH\;C:\Program Files\Git\cmd;C:\Program Files\PowerShell\7\;C:\Program Files\Docker\Docker\resources\bin;C:\Users\91973\AppData\Local\nvm;C:\nvm4w\nodejs;C:\Oracle\Middleware\Oracle_Home\bi\bifoundation\server\bin;C:\Oracle\Middleware\Oracle_Home\bin;C:\app\91973\product\21c\dbhomeXE\bin;C:\windows\system32;C:\windows;C:\windows\System32\Wbem;C:\windows\System32\WindowsPowerShell\v1.0\;C:\windows\System32\OpenSSH\;C:\Program Files (x86)\NVIDIA Corporation\PhysX\Common;C:\Program Files\NVIDIA Corporation\NVIDIA NvDLISR;C:\MinGW\bin;C:\Users\91973\OneDrive\Documents\MATLAB\runtime\win64;C:\Users\91973\OneDrive\Documents\MATLAB\bin;C:\WINDOWS\system32;C:\WINDOWS;C:\WINDOWS\System32\Wbem;C:\WINDOWS\System32\WindowsPowerShell\v1.0\;C:\WINDOWS\System32\OpenSSH\;C:\ProgramData\chocolatey\bin;C:\Program Files\MongoDB\Server\6.0\bin;C:\mongodb-database-tools-windows-x86_64-100.7.3\bin;C:\Program Files\MySQL\MySQL Server 8.0\bin;C:\Program Files\HP\HP One Agent;C:\Program Files\PowerShell\7\;C:\Users\91973\AppData\Local\Programs\Python\Python312\Scripts\;C:\Users\91973\AppData\Local\Programs\Python\Python312\;C:\Program Files\MySQL\MySQL Shell 8;C:\Program Files\JetBrains\IntelliJ IDEA 2024.3.2.2\bin;;C:\Users\91973\AppData\Local\Microsoft\WindowsApps;C:\Program Files\JetBrains\IntelliJ IDEA Community Edition 2024.3.3\bin;;C:\Users\91973\apache-maven-3.9.9\bin;C:\Program Files\Java\jdk-21\bin;C:\Users\91973\AppData\Local\Programs\Microsoft VS Code\bin;C:\Users\91973\AppData\Local\nvm;C:\nvm4w\nodejs;C:\Users\91973\AppData\Local\Programs\Hyper\resources\bin
USERNAME=91973
OS=Windows_NT
PROCESSOR_IDENTIFIER=AMD64 Family 25 Model 80 Stepping 0, AuthenticAMD
TMP=C:\Users\91973\AppData\Local\Temp
TEMP=C:\Users\91973\AppData\Local\Temp




Periodic native trim disabled

---------------  S Y S T E M  ---------------

OS:
 Windows 11 , 64 bit Build 26100 (10.0.26100.7019)
OS uptime: 0 days 3:45 hours
Hyper-V role detected

CPU: total 12 (initial active 12) (12 cores per cpu, 2 threads per core) family 25 model 80 stepping 0 microcode 0xa50000d, cx8, cmov, fxsr, ht, mmx, 3dnowpref, sse, sse2, sse3, ssse3, sse4a, sse4.1, sse4.2, popcnt, lzcnt, tsc, tscinvbit, avx, avx2, aes, erms, clmul, bmi1, bmi2, adx, sha, fma, vzeroupper, clflush, clflushopt, hv, rdtscp, rdpid, fsrm, f16c, cet_ss
Processor Information for processor 0
  Max Mhz: 3301, Current Mhz: 3301, Mhz Limit: 3301
Processor Information for processor 1
  Max Mhz: 3301, Current Mhz: 3301, Mhz Limit: 3301
Processor Information for processor 2
  Max Mhz: 3301, Current Mhz: 3301, Mhz Limit: 3301
Processor Information for processor 3
  Max Mhz: 3301, Current Mhz: 3301, Mhz Limit: 3301
Processor Information for processor 4
  Max Mhz: 3301, Current Mhz: 3301, Mhz Limit: 3301
Processor Information for processor 5
  Max Mhz: 3301, Current Mhz: 3301, Mhz Limit: 3301
Processor Information for processor 6
  Max Mhz: 3301, Current Mhz: 3301, Mhz Limit: 3301
Processor Information for processor 7
  Max Mhz: 3301, Current Mhz: 2011, Mhz Limit: 3301
Processor Information for processor 8
  Max Mhz: 3301, Current Mhz: 3301, Mhz Limit: 3301
Processor Information for processor 9
  Max Mhz: 3301, Current Mhz: 3301, Mhz Limit: 3301
Processor Information for processor 10
  Max Mhz: 3301, Current Mhz: 2011, Mhz Limit: 3301
Processor Information for processor 11
  Max Mhz: 3301, Current Mhz: 3301, Mhz Limit: 3301

Memory: 4k page, system-wide physical 7521M (710M free)
TotalPageFile size 31073M (AvailPageFile size 285M)
current process WorkingSet (physical memory assigned to process): 59M, peak: 305M
current process commit charge ("private bytes"): 329M, peak: 367M

vm_info: Java HotSpot(TM) 64-Bit Server VM (21.0.5+9-LTS-239) for windows-amd64 JRE (21.0.5+9-LTS-239), built on 2024-09-30T05:17:38Z by "mach5one" with MS VC++ 17.6 (VS2022)

END.
